<?xml version="1.0" encoding="UTF-8"?>
<testsuite name="com.ait.phonebook.tests.RemoveContactTest" tests="1" skipped="1" failures="0" errors="0" timestamp="2023-11-30T10:05:02" hostname="timur-Aspire" time="0.0">
  <properties/>
  <testcase name="removeContactPositiveTest" classname="com.ait.phonebook.tests.RemoveContactTest" time="0.0">
    <skipped/>
  </testcase>
  <system-out><![CDATA[]]></system-out>
  <system-err><![CDATA[]]></system-err>
</testsuite>
